<?xml version="1.0" encoding="UTF-8"?>
<testsuite name="CardTest" tests="1" skipped="0" failures="0" errors="0" timestamp="2023-10-04T15:42:01" hostname="LAPTOP-M3Q84DRS" time="4.395">
  <properties/>
  <testcase name="sui()" classname="CardTest" time="4.395"/>
  <system-out><![CDATA[DECLINED
]]></system-out>
  <system-err><![CDATA[SLF4J: No SLF4J providers were found.
SLF4J: Defaulting to no-operation (NOP) logger implementation
SLF4J: See https://www.slf4j.org/codes.html#noProviders for further details.
окт. 04, 2023 6:42:05 PM org.openqa.selenium.devtools.CdpVersionFinder findNearestMatch
WARNING: Unable to find an exact match for CDP version 117, so returning the closest version found: 115
]]></system-err>
</testsuite>
